{"meta": {"version": "5.3", "timestamp": "2020-12-01T18:30:34.986596", "branch_coverage": false, "show_contexts": false}, "files": {"app.py": {"executed_lines": [], "summary": {"covered_lines": 0, "num_statements": 3, "percent_covered": 0.0, "missing_lines": 3, "excluded_lines": 0}, "missing_lines": [3, 6, 7], "excluded_lines": []}, "model/__init__.py": {"executed_lines": [1, 2, 3, 4, 12, 13, 15, 16], "summary": {"covered_lines": 8, "num_statements": 8, "percent_covered": 100.0, "missing_lines": 0, "excluded_lines": 0}, "missing_lines": [], "excluded_lines": []}, "model/baseline/__init__.py": {"executed_lines": [3], "summary": {"covered_lines": 1, "num_statements": 1, "percent_covered": 100.0, "missing_lines": 0, "excluded_lines": 0}, "missing_lines": [], "excluded_lines": []}, "model/baseline/forward.py": {"executed_lines": [1, 3, 5, 7, 8, 9, 10], "summary": {"covered_lines": 7, "num_statements": 7, "percent_covered": 100.0, "missing_lines": 0, "excluded_lines": 0}, "missing_lines": [], "excluded_lines": []}, "model/clustering/__init__.py": {"executed_lines": [3], "summary": {"covered_lines": 1, "num_statements": 1, "percent_covered": 100.0, "missing_lines": 0, "excluded_lines": 0}, "missing_lines": [], "excluded_lines": []}, "model/clustering/fit.py": {"executed_lines": [1, 2, 3, 6, 8, 9, 10, 11, 12, 14, 15, 16, 17], "summary": {"covered_lines": 13, "num_statements": 13, "percent_covered": 100.0, "missing_lines": 0, "excluded_lines": 0}, "missing_lines": [], "excluded_lines": []}, "model/routes.py": {"executed_lines": [1, 2, 3, 4, 7, 12, 14, 16, 17, 18, 19, 21, 22, 23, 24, 27, 29, 31, 32, 33, 34, 37, 38, 39], "summary": {"covered_lines": 24, "num_statements": 25, "percent_covered": 96.0, "missing_lines": 1, "excluded_lines": 0}, "missing_lines": [9], "excluded_lines": []}, "model/utils.py": {"executed_lines": [3, 4, 5, 6, 7, 8, 9, 10, 11, 12, 13, 14, 15, 16, 17, 18, 19, 21, 22, 23, 24, 25, 26], "summary": {"covered_lines": 23, "num_statements": 23, "percent_covered": 100.0, "missing_lines": 0, "excluded_lines": 0}, "missing_lines": [], "excluded_lines": []}, "test/__init__.py": {"executed_lines": [1], "summary": {"covered_lines": 0, "num_statements": 0, "percent_covered": 100.0, "missing_lines": 0, "excluded_lines": 0}, "missing_lines": [], "excluded_lines": []}, "test/test_baseline.py": {"executed_lines": [1, 2, 3, 4, 5, 6, 7, 8, 10, 26, 42, 58, 61, 64, 69, 72, 73, 76, 81, 88, 89, 90, 93, 94, 97, 99, 102, 104, 105, 108, 115, 116, 117, 120, 122, 125, 127, 130], "summary": {"covered_lines": 38, "num_statements": 38, "percent_covered": 100.0, "missing_lines": 0, "excluded_lines": 0}, "missing_lines": [], "excluded_lines": []}}, "totals": {"covered_lines": 115, "num_statements": 119, "percent_covered": 96.63865546218487, "missing_lines": 4, "excluded_lines": 0}}